<?xml version="1.0" encoding="UTF-8"?>
<testsuites>
  <testsuite name="Manajemen_pengguna_model_test" file="/opt/lampp/htdocs/desa-digital/application/tests/models/Super/Manajemen_pengguna_model_test.php" tests="2" assertions="2" errors="0" failures="0" skipped="0" time="1.608399">
    <testcase name="test_UserChangePasswordThenPasswordChanged" class="Manajemen_pengguna_model_test" classname="Manajemen_pengguna_model_test" file="/opt/lampp/htdocs/desa-digital/application/tests/models/Super/Manajemen_pengguna_model_test.php" line="22" assertions="1" time="0.692950"/>
    <testcase name="test_UserResetPasswordThenPasswordReseted" class="Manajemen_pengguna_model_test" classname="Manajemen_pengguna_model_test" file="/opt/lampp/htdocs/desa-digital/application/tests/models/Super/Manajemen_pengguna_model_test.php" line="38" assertions="1" time="0.915449"/>
  </testsuite>
</testsuites>
