<?xml version="1.0" encoding="UTF-8"?>
<testsuites>
  <testsuite name="Penerbitan_ktp_model_test" file="/opt/lampp/htdocs/desa-digital/application/tests/models/Desa/Penerbitan_ktp_model_test.php" tests="1" assertions="2" errors="0" failures="0" skipped="0" time="1.327264">
    <testcase name="testWhenSetPengajuanThenGetTwoPengajuan" class="Penerbitan_ktp_model_test" classname="Penerbitan_ktp_model_test" file="/opt/lampp/htdocs/desa-digital/application/tests/models/Desa/Penerbitan_ktp_model_test.php" line="25" assertions="2" time="1.327264"/>
  </testsuite>
</testsuites>
