<?xml version="1.0" encoding="UTF-8"?>
<testsuites>
  <testsuite name="Penerbitan_kk_model_test" file="/opt/lampp/htdocs/desa-digital/application/tests/models/Capil/Penerbitan_kk_model_test.php" tests="2" assertions="6" errors="0" failures="0" skipped="0" time="1.035233">
    <testcase name="testWhenUpdateStatusPengajuanWithKomenThenStatusPengajuanUpdated" class="Penerbitan_kk_model_test" classname="Penerbitan_kk_model_test" file="/opt/lampp/htdocs/desa-digital/application/tests/models/Capil/Penerbitan_kk_model_test.php" line="25" assertions="3" time="0.460766"/>
    <testcase name="testWhenUpdateStatusPengajuanWithoutKomenThenStatusPengajuanUpdated" class="Penerbitan_kk_model_test" classname="Penerbitan_kk_model_test" file="/opt/lampp/htdocs/desa-digital/application/tests/models/Capil/Penerbitan_kk_model_test.php" line="42" assertions="3" time="0.574467"/>
  </testsuite>
</testsuites>
